  MyGlWindow.cpp
C:\Users\yaoyu\OneDrive\桌面\Graphics\Middleware\Qt\Include\QtCore\qbytearray.h(407,3): warning C4566: character represented by universal-character-name '\u684C' cannot be represented in the current code page (1252)
C:\Users\yaoyu\OneDrive\桌面\Graphics\Middleware\Qt\Include\QtCore\qbytearray.h(407,3): warning C4566: character represented by universal-character-name '\u9762' cannot be represented in the current code page (1252)
C:\Users\yaoyu\OneDrive\桌面\Graphics\Middleware\Qt\Include\QtCore\qbytearray.h(409,3): warning C4566: character represented by universal-character-name '\u684C' cannot be represented in the current code page (1252)
C:\Users\yaoyu\OneDrive\桌面\Graphics\Middleware\Qt\Include\QtCore\qbytearray.h(409,3): warning C4566: character represented by universal-character-name '\u9762' cannot be represented in the current code page (1252)
C:\Users\yaoyu\OneDrive\桌面\Graphics\Middleware\Qt\Include\QtCore\qbytearray.h(411,3): warning C4566: character represented by universal-character-name '\u684C' cannot be represented in the current code page (1252)
C:\Users\yaoyu\OneDrive\桌面\Graphics\Middleware\Qt\Include\QtCore\qbytearray.h(411,3): warning C4566: character represented by universal-character-name '\u9762' cannot be represented in the current code page (1252)
C:\Users\yaoyu\OneDrive\桌面\Graphics\Middleware\Qt\Include\QtCore\qbytearray.h(490,3): warning C4566: character represented by universal-character-name '\u684C' cannot be represented in the current code page (1252)
C:\Users\yaoyu\OneDrive\桌面\Graphics\Middleware\Qt\Include\QtCore\qbytearray.h(490,3): warning C4566: character represented by universal-character-name '\u9762' cannot be represented in the current code page (1252)
C:\Users\yaoyu\OneDrive\桌面\Graphics\Middleware\Qt\Include\QtCore\qstring.h(699,3): warning C4566: character represented by universal-character-name '\u684C' cannot be represented in the current code page (1252)
C:\Users\yaoyu\OneDrive\桌面\Graphics\Middleware\Qt\Include\QtCore\qstring.h(699,3): warning C4566: character represented by universal-character-name '\u9762' cannot be represented in the current code page (1252)
C:\Users\yaoyu\OneDrive\桌面\Graphics\Middleware\Qt\Include\QtCore\qstring.h(701,3): warning C4566: character represented by universal-character-name '\u684C' cannot be represented in the current code page (1252)
C:\Users\yaoyu\OneDrive\桌面\Graphics\Middleware\Qt\Include\QtCore\qstring.h(701,3): warning C4566: character represented by universal-character-name '\u9762' cannot be represented in the current code page (1252)
C:\Users\yaoyu\OneDrive\桌面\Graphics\Middleware\Qt\Include\QtCore\qstring.h(703,3): warning C4566: character represented by universal-character-name '\u684C' cannot be represented in the current code page (1252)
C:\Users\yaoyu\OneDrive\桌面\Graphics\Middleware\Qt\Include\QtCore\qstring.h(703,3): warning C4566: character represented by universal-character-name '\u9762' cannot be represented in the current code page (1252)
C:\Users\yaoyu\OneDrive\桌面\Graphics\Middleware\Qt\Include\QtCore\qstring.h(726,3): warning C4566: character represented by universal-character-name '\u684C' cannot be represented in the current code page (1252)
C:\Users\yaoyu\OneDrive\桌面\Graphics\Middleware\Qt\Include\QtCore\qstring.h(726,3): warning C4566: character represented by universal-character-name '\u9762' cannot be represented in the current code page (1252)
C:\Users\yaoyu\OneDrive\桌面\Graphics\Middleware\Qt\Include\QtCore\qstring.h(885,3): warning C4566: character represented by universal-character-name '\u684C' cannot be represented in the current code page (1252)
C:\Users\yaoyu\OneDrive\桌面\Graphics\Middleware\Qt\Include\QtCore\qstring.h(885,3): warning C4566: character represented by universal-character-name '\u9762' cannot be represented in the current code page (1252)
C:\Users\yaoyu\OneDrive\桌面\Graphics\Middleware\Qt\Include\QtCore\qstring.h(1175,11): warning C4566: character represented by universal-character-name '\u684C' cannot be represented in the current code page (1252)
C:\Users\yaoyu\OneDrive\桌面\Graphics\Middleware\Qt\Include\QtCore\qstring.h(1175,11): warning C4566: character represented by universal-character-name '\u9762' cannot be represented in the current code page (1252)
C:\Users\yaoyu\OneDrive\桌面\Graphics\Middleware\Qt\Include\QtCore\qlist.h(282,25): warning C4566: character represented by universal-character-name '\u684C' cannot be represented in the current code page (1252)
C:\Users\yaoyu\OneDrive\桌面\Graphics\Middleware\Qt\Include\QtCore\qlist.h(282,25): warning C4566: character represented by universal-character-name '\u9762' cannot be represented in the current code page (1252)
C:\Users\yaoyu\OneDrive\桌面\Graphics\Middleware\Qt\Include\QtCore\qlist.h(283,37): warning C4566: character represented by universal-character-name '\u684C' cannot be represented in the current code page (1252)
C:\Users\yaoyu\OneDrive\桌面\Graphics\Middleware\Qt\Include\QtCore\qlist.h(283,37): warning C4566: character represented by universal-character-name '\u9762' cannot be represented in the current code page (1252)
C:\Users\yaoyu\OneDrive\桌面\Graphics\Middleware\Qt\Include\QtCore\qlist.h(284,17): warning C4566: character represented by universal-character-name '\u684C' cannot be represented in the current code page (1252)
C:\Users\yaoyu\OneDrive\桌面\Graphics\Middleware\Qt\Include\QtCore\qlist.h(284,17): warning C4566: character represented by universal-character-name '\u9762' cannot be represented in the current code page (1252)
C:\Users\yaoyu\OneDrive\桌面\Graphics\Middleware\Qt\Include\QtCore\qlist.h(285,29): warning C4566: character represented by universal-character-name '\u684C' cannot be represented in the current code page (1252)
C:\Users\yaoyu\OneDrive\桌面\Graphics\Middleware\Qt\Include\QtCore\qlist.h(285,29): warning C4566: character represented by universal-character-name '\u9762' cannot be represented in the current code page (1252)
C:\Users\yaoyu\OneDrive\桌面\Graphics\Middleware\Qt\Include\QtCore\qlist.h(286,33): warning C4566: character represented by universal-character-name '\u684C' cannot be represented in the current code page (1252)
C:\Users\yaoyu\OneDrive\桌面\Graphics\Middleware\Qt\Include\QtCore\qlist.h(286,33): warning C4566: character represented by universal-character-name '\u9762' cannot be represented in the current code page (1252)
C:\Users\yaoyu\OneDrive\桌面\Graphics\Middleware\Qt\Include\QtCore\qlist.h(287,32): warning C4566: character represented by universal-character-name '\u684C' cannot be represented in the current code page (1252)
C:\Users\yaoyu\OneDrive\桌面\Graphics\Middleware\Qt\Include\QtCore\qlist.h(287,32): warning C4566: character represented by universal-character-name '\u9762' cannot be represented in the current code page (1252)
C:\Users\yaoyu\OneDrive\桌面\Graphics\Middleware\Qt\Include\QtCore\qlist.h(469,3): warning C4566: character represented by universal-character-name '\u684C' cannot be represented in the current code page (1252)
C:\Users\yaoyu\OneDrive\桌面\Graphics\Middleware\Qt\Include\QtCore\qlist.h(469,3): warning C4566: character represented by universal-character-name '\u9762' cannot be represented in the current code page (1252)
C:\Users\yaoyu\OneDrive\桌面\Graphics\Middleware\Qt\Include\QtCore\qlist.h(473,3): warning C4566: character represented by universal-character-name '\u684C' cannot be represented in the current code page (1252)
C:\Users\yaoyu\OneDrive\桌面\Graphics\Middleware\Qt\Include\QtCore\qlist.h(473,3): warning C4566: character represented by universal-character-name '\u9762' cannot be represented in the current code page (1252)
C:\Users\yaoyu\OneDrive\桌面\Graphics\Middleware\Qt\Include\QtCore\qlist.h(477,3): warning C4566: character represented by universal-character-name '\u684C' cannot be represented in the current code page (1252)
C:\Users\yaoyu\OneDrive\桌面\Graphics\Middleware\Qt\Include\QtCore\qlist.h(477,3): warning C4566: character represented by universal-character-name '\u9762' cannot be represented in the current code page (1252)
C:\Users\yaoyu\OneDrive\桌面\Graphics\Middleware\Qt\Include\QtCore\qlist.h(485,3): warning C4566: character represented by universal-character-name '\u684C' cannot be represented in the current code page (1252)
C:\Users\yaoyu\OneDrive\桌面\Graphics\Middleware\Qt\Include\QtCore\qlist.h(485,3): warning C4566: character represented by universal-character-name '\u9762' cannot be represented in the current code page (1252)
C:\Users\yaoyu\OneDrive\桌面\Graphics\Middleware\Qt\Include\QtCore\qlist.h(611,5): warning C4566: character represented by universal-character-name '\u684C' cannot be represented in the current code page (1252)
C:\Users\yaoyu\OneDrive\桌面\Graphics\Middleware\Qt\Include\QtCore\qlist.h(611,5): warning C4566: character represented by universal-character-name '\u9762' cannot be represented in the current code page (1252)
C:\Users\yaoyu\OneDrive\桌面\Graphics\Middleware\Qt\Include\QtCore\qlist.h(620,1): warning C4566: character represented by universal-character-name '\u684C' cannot be represented in the current code page (1252)
C:\Users\yaoyu\OneDrive\桌面\Graphics\Middleware\Qt\Include\QtCore\qlist.h(620,1): warning C4566: character represented by universal-character-name '\u9762' cannot be represented in the current code page (1252)
C:\Users\yaoyu\OneDrive\桌面\Graphics\Middleware\Qt\Include\QtCore\qlist.h(631,1): warning C4566: character represented by universal-character-name '\u684C' cannot be represented in the current code page (1252)
C:\Users\yaoyu\OneDrive\桌面\Graphics\Middleware\Qt\Include\QtCore\qlist.h(631,1): warning C4566: character represented by universal-character-name '\u9762' cannot be represented in the current code page (1252)
C:\Users\yaoyu\OneDrive\桌面\Graphics\Middleware\Qt\Include\QtCore\qlist.h(903,1): warning C4566: character represented by universal-character-name '\u684C' cannot be represented in the current code page (1252)
C:\Users\yaoyu\OneDrive\桌面\Graphics\Middleware\Qt\Include\QtCore\qlist.h(903,1): warning C4566: character represented by universal-character-name '\u9762' cannot be represented in the current code page (1252)
C:\Users\yaoyu\OneDrive\桌面\Graphics\Middleware\Qt\Include\QtCore\qlist.h(903,1): warning C4566: character represented by universal-character-name '\u684C' cannot be represented in the current code page (1252)
C:\Users\yaoyu\OneDrive\桌面\Graphics\Middleware\Qt\Include\QtCore\qlist.h(903,1): warning C4566: character represented by universal-character-name '\u9762' cannot be represented in the current code page (1252)
C:\Users\yaoyu\OneDrive\桌面\Graphics\Middleware\Qt\Include\QtCore\qscopedpointer.h(106,9): warning C4566: character represented by universal-character-name '\u684C' cannot be represented in the current code page (1252)
C:\Users\yaoyu\OneDrive\桌面\Graphics\Middleware\Qt\Include\QtCore\qscopedpointer.h(106,9): warning C4566: character represented by universal-character-name '\u9762' cannot be represented in the current code page (1252)
C:\Users\yaoyu\OneDrive\桌面\Graphics\Middleware\Qt\Include\QtCore\qscopedpointer.h(112,9): warning C4566: character represented by universal-character-name '\u684C' cannot be represented in the current code page (1252)
C:\Users\yaoyu\OneDrive\桌面\Graphics\Middleware\Qt\Include\QtCore\qscopedpointer.h(112,9): warning C4566: character represented by universal-character-name '\u9762' cannot be represented in the current code page (1252)
C:\Users\yaoyu\OneDrive\桌面\Graphics\Middleware\Qt\Include\QtCore\qsize.h(176,5): warning C4566: character represented by universal-character-name '\u684C' cannot be represented in the current code page (1252)
C:\Users\yaoyu\OneDrive\桌面\Graphics\Middleware\Qt\Include\QtCore\qsize.h(176,5): warning C4566: character represented by universal-character-name '\u9762' cannot be represented in the current code page (1252)
C:\Users\yaoyu\OneDrive\桌面\Graphics\Middleware\Qt\Include\QtCore\qsize.h(183,5): warning C4566: character represented by universal-character-name '\u684C' cannot be represented in the current code page (1252)
C:\Users\yaoyu\OneDrive\桌面\Graphics\Middleware\Qt\Include\QtCore\qsize.h(183,5): warning C4566: character represented by universal-character-name '\u9762' cannot be represented in the current code page (1252)
C:\Users\yaoyu\OneDrive\桌面\Graphics\Middleware\Qt\Include\QtCore\qsize.h(334,5): warning C4566: character represented by universal-character-name '\u684C' cannot be represented in the current code page (1252)
C:\Users\yaoyu\OneDrive\桌面\Graphics\Middleware\Qt\Include\QtCore\qsize.h(334,5): warning C4566: character represented by universal-character-name '\u9762' cannot be represented in the current code page (1252)
C:\Users\yaoyu\OneDrive\桌面\Graphics\Middleware\Qt\Include\QtCore\qsize.h(341,5): warning C4566: character represented by universal-character-name '\u684C' cannot be represented in the current code page (1252)
C:\Users\yaoyu\OneDrive\桌面\Graphics\Middleware\Qt\Include\QtCore\qsize.h(341,5): warning C4566: character represented by universal-character-name '\u9762' cannot be represented in the current code page (1252)
C:\Users\yaoyu\OneDrive\桌面\Graphics\Middleware\Qt\Include\QtCore\qvector.h(260,25): warning C4566: character represented by universal-character-name '\u684C' cannot be represented in the current code page (1252)
C:\Users\yaoyu\OneDrive\桌面\Graphics\Middleware\Qt\Include\QtCore\qvector.h(260,25): warning C4566: character represented by universal-character-name '\u9762' cannot be represented in the current code page (1252)
C:\Users\yaoyu\OneDrive\桌面\Graphics\Middleware\Qt\Include\QtCore\qvector.h(261,37): warning C4566: character represented by universal-character-name '\u684C' cannot be represented in the current code page (1252)
C:\Users\yaoyu\OneDrive\桌面\Graphics\Middleware\Qt\Include\QtCore\qvector.h(261,37): warning C4566: character represented by universal-character-name '\u9762' cannot be represented in the current code page (1252)
C:\Users\yaoyu\OneDrive\桌面\Graphics\Middleware\Qt\Include\QtCore\qvector.h(262,24): warning C4566: character represented by universal-character-name '\u684C' cannot be represented in the current code page (1252)
C:\Users\yaoyu\OneDrive\桌面\Graphics\Middleware\Qt\Include\QtCore\qvector.h(262,24): warning C4566: character represented by universal-character-name '\u9762' cannot be represented in the current code page (1252)
C:\Users\yaoyu\OneDrive\桌面\Graphics\Middleware\Qt\Include\QtCore\qvector.h(263,36): warning C4566: character represented by universal-character-name '\u684C' cannot be represented in the current code page (1252)
C:\Users\yaoyu\OneDrive\桌面\Graphics\Middleware\Qt\Include\QtCore\qvector.h(263,36): warning C4566: character represented by universal-character-name '\u9762' cannot be represented in the current code page (1252)
C:\Users\yaoyu\OneDrive\桌面\Graphics\Middleware\Qt\Include\QtCore\qvector.h(283,23): warning C4566: character represented by universal-character-name '\u684C' cannot be represented in the current code page (1252)
C:\Users\yaoyu\OneDrive\桌面\Graphics\Middleware\Qt\Include\QtCore\qvector.h(283,23): warning C4566: character represented by universal-character-name '\u9762' cannot be represented in the current code page (1252)
C:\Users\yaoyu\OneDrive\桌面\Graphics\Middleware\Qt\Include\QtCore\qvector.h(284,24): warning C4566: character represented by universal-character-name '\u684C' cannot be represented in the current code page (1252)
C:\Users\yaoyu\OneDrive\桌面\Graphics\Middleware\Qt\Include\QtCore\qvector.h(284,24): warning C4566: character represented by universal-character-name '\u9762' cannot be represented in the current code page (1252)
C:\Users\yaoyu\OneDrive\桌面\Graphics\Middleware\Qt\Include\QtCore\qvector.h(351,3): warning C4566: character represented by universal-character-name '\u684C' cannot be represented in the current code page (1252)
C:\Users\yaoyu\OneDrive\桌面\Graphics\Middleware\Qt\Include\QtCore\qvector.h(351,3): warning C4566: character represented by universal-character-name '\u9762' cannot be represented in the current code page (1252)
C:\Users\yaoyu\OneDrive\桌面\Graphics\Middleware\Qt\Include\QtCore\qvector.h(355,3): warning C4566: character represented by universal-character-name '\u684C' cannot be represented in the current code page (1252)
C:\Users\yaoyu\OneDrive\桌面\Graphics\Middleware\Qt\Include\QtCore\qvector.h(355,3): warning C4566: character represented by universal-character-name '\u9762' cannot be represented in the current code page (1252)
C:\Users\yaoyu\OneDrive\桌面\Graphics\Middleware\Qt\Include\QtCore\qvector.h(359,3): warning C4566: character represented by universal-character-name '\u684C' cannot be represented in the current code page (1252)
C:\Users\yaoyu\OneDrive\桌面\Graphics\Middleware\Qt\Include\QtCore\qvector.h(359,3): warning C4566: character represented by universal-character-name '\u9762' cannot be represented in the current code page (1252)
C:\Users\yaoyu\OneDrive\桌面\Graphics\Middleware\Qt\Include\QtCore\qvector.h(363,3): warning C4566: character represented by universal-character-name '\u684C' cannot be represented in the current code page (1252)
C:\Users\yaoyu\OneDrive\桌面\Graphics\Middleware\Qt\Include\QtCore\qvector.h(363,3): warning C4566: character represented by universal-character-name '\u9762' cannot be represented in the current code page (1252)
C:\Users\yaoyu\OneDrive\桌面\Graphics\Middleware\Qt\Include\QtCore\qvector.h(367,3): warning C4566: character represented by universal-character-name '\u684C' cannot be represented in the current code page (1252)
C:\Users\yaoyu\OneDrive\桌面\Graphics\Middleware\Qt\Include\QtCore\qvector.h(367,3): warning C4566: character represented by universal-character-name '\u9762' cannot be represented in the current code page (1252)
C:\Users\yaoyu\OneDrive\桌面\Graphics\Middleware\Qt\Include\QtCore\qvector.h(371,3): warning C4566: character represented by universal-character-name '\u684C' cannot be represented in the current code page (1252)
C:\Users\yaoyu\OneDrive\桌面\Graphics\Middleware\Qt\Include\QtCore\qvector.h(371,3): warning C4566: character represented by universal-character-name '\u9762' cannot be represented in the current code page (1252)
C:\Users\yaoyu\OneDrive\桌面\Graphics\Middleware\Qt\Include\QtCore\qvector.h(375,3): warning C4566: character represented by universal-character-name '\u684C' cannot be represented in the current code page (1252)
C:\Users\yaoyu\OneDrive\桌面\Graphics\Middleware\Qt\Include\QtCore\qvector.h(375,3): warning C4566: character represented by universal-character-name '\u9762' cannot be represented in the current code page (1252)
C:\Users\yaoyu\OneDrive\桌面\Graphics\Middleware\Qt\Include\QtCore\qvector.h(384,5): warning C4566: character represented by universal-character-name '\u684C' cannot be represented in the current code page (1252)
C:\Users\yaoyu\OneDrive\桌面\Graphics\Middleware\Qt\Include\QtCore\qvector.h(384,5): warning C4566: character represented by universal-character-name '\u9762' cannot be represented in the current code page (1252)
C:\Users\yaoyu\OneDrive\桌面\Graphics\Middleware\Qt\Include\QtCore\qvector.h(474,5): warning C4566: character represented by universal-character-name '\u684C' cannot be represented in the current code page (1252)
C:\Users\yaoyu\OneDrive\桌面\Graphics\Middleware\Qt\Include\QtCore\qvector.h(474,5): warning C4566: character represented by universal-character-name '\u9762' cannot be represented in the current code page (1252)
C:\Users\yaoyu\OneDrive\桌面\Graphics\Middleware\Qt\Include\QtCore\qvector.h(801,1): warning C4566: character represented by universal-character-name '\u684C' cannot be represented in the current code page (1252)
C:\Users\yaoyu\OneDrive\桌面\Graphics\Middleware\Qt\Include\QtCore\qvector.h(801,1): warning C4566: character represented by universal-character-name '\u9762' cannot be represented in the current code page (1252)
C:\Users\yaoyu\OneDrive\桌面\Graphics\Middleware\Qt\Include\QtCore\qvector.h(801,1): warning C4566: character represented by universal-character-name '\u684C' cannot be represented in the current code page (1252)
C:\Users\yaoyu\OneDrive\桌面\Graphics\Middleware\Qt\Include\QtCore\qvector.h(801,1): warning C4566: character represented by universal-character-name '\u9762' cannot be represented in the current code page (1252)
C:\Users\yaoyu\OneDrive\桌面\Graphics\Middleware\Qt\Include\QtGui\qpainterpath.h(404,5): warning C4566: character represented by universal-character-name '\u684C' cannot be represented in the current code page (1252)
C:\Users\yaoyu\OneDrive\桌面\Graphics\Middleware\Qt\Include\QtGui\qpainterpath.h(404,5): warning C4566: character represented by universal-character-name '\u9762' cannot be represented in the current code page (1252)
C:\Users\yaoyu\OneDrive\桌面\Graphics\Middleware\Qt\Include\QtGui\qpainterpath.h(405,5): warning C4566: character represented by universal-character-name '\u684C' cannot be represented in the current code page (1252)
C:\Users\yaoyu\OneDrive\桌面\Graphics\Middleware\Qt\Include\QtGui\qpainterpath.h(405,5): warning C4566: character represented by universal-character-name '\u9762' cannot be represented in the current code page (1252)
C:\Users\yaoyu\OneDrive\桌面\Graphics\Middleware\Qt\Include\QtGui\qpainterpath.h(411,5): warning C4566: character represented by universal-character-name '\u684C' cannot be represented in the current code page (1252)
C:\Users\yaoyu\OneDrive\桌面\Graphics\Middleware\Qt\Include\QtGui\qpainterpath.h(411,5): warning C4566: character represented by universal-character-name '\u9762' cannot be represented in the current code page (1252)
C:\Users\yaoyu\OneDrive\桌面\Graphics\Middleware\Qt\Include\QtGui\qpainterpath.h(412,5): warning C4566: character represented by universal-character-name '\u684C' cannot be represented in the current code page (1252)
C:\Users\yaoyu\OneDrive\桌面\Graphics\Middleware\Qt\Include\QtGui\qpainterpath.h(412,5): warning C4566: character represented by universal-character-name '\u9762' cannot be represented in the current code page (1252)
C:\Users\yaoyu\OneDrive\桌面\Graphics\Middleware\Qt\Include\QtCore\qsharedpointer_impl.h(193,50): warning C4566: character represented by universal-character-name '\u684C' cannot be represented in the current code page (1252)
C:\Users\yaoyu\OneDrive\桌面\Graphics\Middleware\Qt\Include\QtCore\qsharedpointer_impl.h(193,50): warning C4566: character represented by universal-character-name '\u9762' cannot be represented in the current code page (1252)
C:\Users\yaoyu\OneDrive\桌面\Graphics\Middleware\Qt\Include\QtCore\qsharedpointer_impl.h(193,70): warning C4566: character represented by universal-character-name '\u684C' cannot be represented in the current code page (1252)
C:\Users\yaoyu\OneDrive\桌面\Graphics\Middleware\Qt\Include\QtCore\qsharedpointer_impl.h(193,70): warning C4566: character represented by universal-character-name '\u9762' cannot be represented in the current code page (1252)
C:\Users\yaoyu\OneDrive\桌面\Graphics\Middleware\Qt\Include\QtGui\qpaintengine.h(345,5): warning C4566: character represented by universal-character-name '\u684C' cannot be represented in the current code page (1252)
C:\Users\yaoyu\OneDrive\桌面\Graphics\Middleware\Qt\Include\QtGui\qpaintengine.h(345,5): warning C4566: character represented by universal-character-name '\u9762' cannot be represented in the current code page (1252)
C:\Users\yaoyu\OneDrive\桌面\Graphics\Middleware\Qt\Include\QtGui\qpaintengine.h(350,5): warning C4566: character represented by universal-character-name '\u684C' cannot be represented in the current code page (1252)
C:\Users\yaoyu\OneDrive\桌面\Graphics\Middleware\Qt\Include\QtGui\qpaintengine.h(350,5): warning C4566: character represented by universal-character-name '\u9762' cannot be represented in the current code page (1252)
C:\Users\yaoyu\OneDrive\桌面\Graphics\Middleware\Qt\Include\QtGui\qpaintengine.h(356,5): warning C4566: character represented by universal-character-name '\u684C' cannot be represented in the current code page (1252)
C:\Users\yaoyu\OneDrive\桌面\Graphics\Middleware\Qt\Include\QtGui\qpaintengine.h(356,5): warning C4566: character represented by universal-character-name '\u9762' cannot be represented in the current code page (1252)
C:\Users\yaoyu\OneDrive\桌面\Graphics\Middleware\Qt\Include\QtCore\qmap.h(112,5): warning C4566: character represented by universal-character-name '\u684C' cannot be represented in the current code page (1252)
C:\Users\yaoyu\OneDrive\桌面\Graphics\Middleware\Qt\Include\QtCore\qmap.h(112,5): warning C4566: character represented by universal-character-name '\u9762' cannot be represented in the current code page (1252)
C:\Users\yaoyu\OneDrive\桌面\Graphics\Middleware\Qt\Include\QtCore\qmap.h(118,5): warning C4566: character represented by universal-character-name '\u684C' cannot be represented in the current code page (1252)
C:\Users\yaoyu\OneDrive\桌面\Graphics\Middleware\Qt\Include\QtCore\qmap.h(118,5): warning C4566: character represented by universal-character-name '\u9762' cannot be represented in the current code page (1252)
C:\Users\yaoyu\OneDrive\桌面\Graphics\Middleware\Qt\Include\QtCore\qmap.h(1083,1): warning C4566: character represented by universal-character-name '\u684C' cannot be represented in the current code page (1252)
C:\Users\yaoyu\OneDrive\桌面\Graphics\Middleware\Qt\Include\QtCore\qmap.h(1083,1): warning C4566: character represented by universal-character-name '\u9762' cannot be represented in the current code page (1252)
C:\Users\yaoyu\OneDrive\桌面\Graphics\Middleware\Qt\Include\QtCore\qmap.h(1083,1): warning C4566: character represented by universal-character-name '\u684C' cannot be represented in the current code page (1252)
C:\Users\yaoyu\OneDrive\桌面\Graphics\Middleware\Qt\Include\QtCore\qmap.h(1083,1): warning C4566: character represented by universal-character-name '\u9762' cannot be represented in the current code page (1252)
C:\Users\yaoyu\OneDrive\桌面\Graphics\Middleware\Qt\Include\QtCore\qmap.h(1084,1): warning C4566: character represented by universal-character-name '\u684C' cannot be represented in the current code page (1252)
C:\Users\yaoyu\OneDrive\桌面\Graphics\Middleware\Qt\Include\QtCore\qmap.h(1084,1): warning C4566: character represented by universal-character-name '\u9762' cannot be represented in the current code page (1252)
C:\Users\yaoyu\OneDrive\桌面\Graphics\Middleware\Qt\Include\QtCore\qmap.h(1084,1): warning C4566: character represented by universal-character-name '\u684C' cannot be represented in the current code page (1252)
C:\Users\yaoyu\OneDrive\桌面\Graphics\Middleware\Qt\Include\QtCore\qmap.h(1084,1): warning C4566: character represented by universal-character-name '\u9762' cannot be represented in the current code page (1252)
C:\Users\yaoyu\OneDrive\桌面\Graphics\Middleware\Qt\Include\QtCore\qmap.h(1084,1): warning C4566: character represented by universal-character-name '\u684C' cannot be represented in the current code page (1252)
C:\Users\yaoyu\OneDrive\桌面\Graphics\Middleware\Qt\Include\QtCore\qmap.h(1084,1): warning C4566: character represented by universal-character-name '\u9762' cannot be represented in the current code page (1252)
  GraphicsPad.vcxproj -> C:\Users\yaoyu\OneDrive\桌面\Graphics\GraphicsPad\Debug\GraphicsPad.exe
